<?xml version="1.0" encoding="UTF-8"?>
<!-- Generated by org.testng.reporters.JUnitReportReporter -->
<testsuite hostname="DESKTOP-JAGJMDO" failures="0" tests="1" name="testCases.TC1_Login" time="6.857" errors="0" timestamp="2024-08-05T11:42:06 IST" skipped="0">
  <testcase classname="testCases.TC1_Login" name="Login_Account" time="6.857"/>
  <system-out/>
</testsuite> <!-- testCases.TC1_Login -->
