<?xml version="1.0" encoding="UTF-8"?>
<!-- Generated by org.testng.reporters.JUnitReportReporter -->
<testsuite hostname="DESKTOP-JAGJMDO" failures="0" tests="2" name="testCases.LoginPage" time="12.708" errors="0" timestamp="2024-09-23T19:55:24 IST" skipped="0">
  <testcase classname="testCases.LoginPage" name="ValidLogin" time="6.652"/>
  <system-out/>
  <testcase classname="testCases.LoginPage" name="InValidLogin" time="6.056"/>
  <system-out/>
</testsuite> <!-- testCases.LoginPage -->
