<?xml version="1.0" encoding="UTF-8"?>
<!-- Generated by org.testng.reporters.JUnitReportReporter -->
<testsuite hostname="DESKTOP-JAGJMDO" failures="0" tests="2" name="testCases.EmpCreationPagewithJSON" time="22.265" errors="0" timestamp="2024-09-23T19:55:24 IST" skipped="0">
  <testcase classname="testCases.EmpCreationPagewithJSON" name="login" time="5.696"/>
  <system-out/>
  <testcase classname="testCases.EmpCreationPagewithJSON" name="CreateEmp" time="16.569"/>
  <system-out/>
</testsuite> <!-- testCases.EmpCreationPagewithJSON -->
