<?xml version="1.0" encoding="UTF-8"?>
<!-- Generated by org.testng.reporters.JUnitReportReporter -->
<testsuite hostname="DESKTOP-JAGJMDO" failures="0" tests="2" name="testCases.EmpCreationPagewithJSON" time="24.855" errors="0" timestamp="2024-09-25T23:45:31 IST" skipped="0">
  <testcase classname="testCases.EmpCreationPagewithJSON" name="loginwithNewEmp" time="5.819"/>
  <system-out/>
  <testcase classname="testCases.EmpCreationPagewithJSON" name="CreateEmp" time="19.036"/>
  <system-out/>
</testsuite> <!-- testCases.EmpCreationPagewithJSON -->
