<?xml version="1.0" encoding="UTF-8"?>
<!-- Generated by org.testng.reporters.JUnitReportReporter -->
<testsuite hostname="DESKTOP-JAGJMDO" failures="0" tests="2" name="testCases.LoginPage" time="14.985" errors="0" timestamp="2024-09-25T21:00:39 IST" skipped="0">
  <testcase classname="testCases.LoginPage" name="ValidLogin" time="7.243"/>
  <testcase classname="testCases.LoginPage" name="InValidLogin" time="7.742"/>
</testsuite> <!-- testCases.LoginPage -->
