<?xml version="1.0" encoding="UTF-8"?>
<!-- Generated by org.testng.reporters.JUnitReportReporter -->
<testsuite hostname="DESKTOP-JAGJMDO" failures="0" tests="2" name="testCases.LoginPage" time="12.706" errors="0" timestamp="2024-09-26T12:42:40 IST" skipped="0">
  <testcase classname="testCases.LoginPage" name="ValidLogin" time="6.630"/>
  <testcase classname="testCases.LoginPage" name="InValidLogin" time="6.076"/>
</testsuite> <!-- testCases.LoginPage -->
