<?xml version="1.0" encoding="UTF-8"?>
<!-- Generated by org.testng.reporters.JUnitReportReporter -->
<testsuite hostname="DESKTOP-JAGJMDO" failures="0" tests="2" name="testCases.EmpCreationPagewithJSON" time="25.487" errors="0" timestamp="2024-09-25T21:00:39 IST" skipped="0">
  <testcase classname="testCases.EmpCreationPagewithJSON" name="CreateEmp" time="18.339"/>
  <testcase classname="testCases.EmpCreationPagewithJSON" name="loginwithNewEmp" time="7.148"/>
</testsuite> <!-- testCases.EmpCreationPagewithJSON -->
