<?xml version="1.0" encoding="UTF-8"?>
<!-- Generated by org.testng.reporters.JUnitReportReporter -->
<testsuite hostname="DESKTOP-JAGJMDO" failures="0" tests="2" name="testCases.EmpCreationPagewithJSON" time="26.907" errors="0" timestamp="2024-09-26T12:42:40 IST" skipped="0">
  <testcase classname="testCases.EmpCreationPagewithJSON" name="loginwithNewEmp" time="7.524"/>
  <testcase classname="testCases.EmpCreationPagewithJSON" name="CreateEmp" time="19.383"/>
</testsuite> <!-- testCases.EmpCreationPagewithJSON -->
